[33mwarn[39m||Jan-18-2023 14:47:38||/info no existe
[33mwarn[39m||Jan-18-2023 14:48:48||/info no existe
[33mwarn[39m||Jan-18-2023 14:48:59||/info no existe
[33mwarn[39m||Jan-18-2023 14:50:03||/api/ramdoms no existe
[33mwarn[39m||Jan-18-2023 14:50:40||/api/ramdoms no existe
[33mwarn[39m||Jan-18-2023 14:50:51||/info no existe
[33mwarn[39m||Jan-18-2023 14:50:54||/info no existe
[33mwarn[39m||Jan-18-2023 14:51:50||/info no existe
[33mwarn[39m||Jan-18-2023 14:53:59||/info no existe
[33mwarn[39m||Jan-18-2023 14:54:24||/info no existe
[33mwarn[39m||Jan-25-2023 13:54:50||/api/inicio no existe
[33mwarn[39m||Jan-25-2023 13:54:58||/info no existe
[33mwarn[39m||Jan-25-2023 13:54:58||/info no existe
[33mwarn[39m||Jan-25-2023 13:54:58||/favicon.ico no existe
[33mwarn[39m||Jan-25-2023 13:55:15||/ no existe
[33mwarn[39m||Jan-25-2023 14:02:02||/ no existe
[33mwarn[39m||Jan-25-2023 14:02:13||/info no existe
[33mwarn[39m||Jan-25-2023 14:02:13||/info no existe
[33mwarn[39m||Jan-25-2023 14:02:22||/jjjj no existe
[33mwarn[39m||Jan-25-2023 14:03:11||/jjjj no existe
[33mwarn[39m||Jan-25-2023 14:12:19||No se encuentra /
[33mwarn[39m||Jan-25-2023 14:13:49||No se encuentra /
[33mwarn[39m||Jan-25-2023 14:14:30||No se encuentra /
[33mwarn[39m||Jan-25-2023 14:15:53||No se encuentra /
[33mwarn[39m||Jan-25-2023 14:24:51||No se encuentra http://localhost:8080/hola
